Arguments: 
  /home/yale/.nvm/versions/node/v16.19.0/bin/node /mnt/c/Users/yale/AppData/Roaming/npm/node_modules/yarn/bin/yarn.js

PATH: 
  /home/yale/.local/bin:/home/yale/bin:/home/yale/.local/bin:/home/yale/bin:/home/yale/.nvm/versions/node/v16.19.0/bin:/usr/local/sbin:/usr/local/bin:/usr/sbin:/usr/bin:/sbin:/bin:/usr/games:/usr/local/games:/usr/lib/wsl/lib:/mnt/c/Program Files/Git/mingw64/bin:/mnt/c/Program Files/Git/usr/bin:/mnt/c/Users/yale/bin:/mnt/c/Users/yale/bin:/mnt/c/Program Files/cmder/bin:/mnt/c/Program Files/cmder/vendor/bin:/mnt/c/Program Files/Git/bin:/mnt/c/Program Files/cmder/vendor/git-for-windows/usr/local/bin:/mnt/c/Program Files/cmder/vendor/git-for-windows/usr/bin:/mnt/c/Program Files/cmder/vendor/git-for-windows/usr/bin:/mnt/c/Program Files/cmder/vendor/git-for-windows/opt/bin:/mnt/c/Program Files/cmder/vendor/conemu-maximus5/ConEmu/Scripts:/mnt/c/Program Files/cmder/vendor/conemu-maximus5:/mnt/c/Program Files/cmder/vendor/conemu-maximus5/ConEmu:/mnt/c/Program Files (x86)/Common Files/Oracle/Java/javapath:/mnt/c/Program Files/Eclipse Adoptium/jdk-8.0.345.1-hotspot/bin:/mnt/c/Program Files (x86)/Common Files/Intel/Shared Libraries/redist/intel64/compiler:/mnt/c/Windows/system32:/mnt/c/Windows:/mnt/c/Windows/System32/Wbem:/mnt/c/Windows/System32/WindowsPowerShell/v1.0:/mnt/c/Windows/System32/OpenSSH:/mnt/c/ProgramData/chocolatey/bin:/mnt/c/Program Files/OpenJDK/openjdk-11.0.16_8/bin:/mnt/c/Program Files/cmder:/mnt/c/Users/yale/AppData/Local/Programs/Python/Python310:/mnt/c/Program Files/Go/bin:/mnt/c/Program Files (x86)/Vim/vim90:/mnt/c/Program Files/PuTTY:/mnt/c/Program Files/code/apache-maven-3.8.6/bin:/mnt/c/Program Files/code/scala-2.11.7/bin:/mnt/c/Users/yale/AppData/Roaming/nvm:/mnt/c/Program Files/nodejs:/mnt/c/Program Files (x86)/dotnet:/mnt/c/Program Files/nodejs:/mnt/c/Program Files/mingw64/bin:/mnt/c/Program Files (x86)/Windows Kits/10/Windows Performance Toolkit:/mnt/c/Program Files (x86)/Windows Kits/10/Debuggers/x64:/mnt/c/Program Files/sqlite/sqlite-tools-win32-x86-3400000:/mnt/c/Program Files (x86)/Xshell 7:/mnt/c/Program Files (x86)/Microsoft/Edge/Application:/mnt/c/Program Files/php-8.0.27-Win32-vs16-x64:/mnt/c/ProgramData/ComposerSetup/bin:/mnt/c/yaleProgram/protoc-21.12-win64/bin:/mnt/c/Program Files/TortoiseSVN/bin:/mnt/c/yaleProgram/ConEmuPack.221218:/mnt/c/HashiCorp/Vagrant/bin:/mnt/c/Program Files/Git/cmd:/mnt/c/Users/yale/scoop/shims:/mnt/c/Ruby31-x64/bin:/mnt/c/Users/yale/.cargo/bin:/mnt/c/Users/yale/AppData/Local/Microsoft/WindowsApps:/mnt/c/Users/yale/AppData/Local/Programs/Microsoft VS Code/bin:/mnt/c/Users/yale/AppData/Roaming/npm:/mnt/c/Users/yale/go/bin:/mnt/c/Program Files/heroku/bin:/mnt/c/Users/yale/.fly/bin:/mnt/c/Users/yale/AppData/Roaming/nvm:/mnt/c/Program Files/nodejs:/mnt/c/tools/neovim/nvim-win64/bin:/mnt/c/Users/yale/.dotnet/tools:/mnt/c/Program Files/Multipass/bin:/mnt/c/Users/yale/AppData/Roaming/Composer/vendor/bin:/mnt/c/Program Files/cmder:/mnt/c/Program Files/cmder/vendor/git-for-windows/usr/bin/vendor_perl:/mnt/c/Program Files/cmder/vendor/git-for-windows/usr/bin/core_perl:/snap/bin:/home/yale/bin:/mnt/c/HashiCorp/Vagrant/bin/vagrant:/usr/local/go/bin:/home/yale/go/bin:/usr/local/bin/ya:/home/yale/bin:/mnt/c/HashiCorp/Vagrant/bin/vagrant:/usr/local/go/bin:/home/yale/go/bin:/usr/local/bin/ya

Yarn version: 
  1.22.19

Node version: 
  16.19.0

Platform: 
  linux x64

Trace: 
  Error: ENOENT: no such file or directory, copyfile '/home/yale/.cache/yarn/v6/npm-ms-2.1.3-574c8138ce1d2b5861f0b44579dbadd60c6615b2-integrity/node_modules/ms/license.md' -> '/mnt/c/Users/yale/coding/cbot918/migrate-site/qdoc918/node_modules/nodemon/node_modules/ms/license.md'

npm manifest: 
  {
    "name": "server",
    "version": "1.0.0",
    "description": "",
    "main": "server.js",
    "scripts": {
      "test": "echo \"Error: no test specified\" && exit 1",
      "start": "nodemon server.js",
      "devStart": "nodemon server.js",
      "heroku-postbuild": "NPM_CONFIG_PRODUCTION=false npm install --prefix client && npm run build --prefix client"
    },
    "keywords": [],
    "author": "",
    "license": "ISC",
    "dependencies": {
      "express": "^4.17.1",
      "mongoose": "^5.13.3",
      "nodemon": "^2.0.12",
      "socket.io": "^4.1.3"
    }
  }

yarn manifest: 
  No manifest

Lockfile: 
  No lockfile
